15:59:08 **** Incremental Build of configuration IntelLinux_parallel for project BilatTools_Intel_MKL ****
cbicc intel jall 

--------------------------------------------------------
[Runtime] : intel x86
--------------------------------------------------------


[cuda]        : /usr/local

[jni]         : /usr/lib/jvm/java-8-oracle

[X11]         : /usr/include/X11

[MKL]         : /opt/intel/mkl
[Runtime] : Intel : /opt/intel

[boost]       : /opt/api/ext/boost

[opencv]      : /opt/api/ext/opencv

[cpptest]     : /opt/api/ext/cpptest

[gphoto2]     : /opt/api/ext/gphoto2

[urg]         : /opt/api/ext/urg

[wic]         : /opt/api/ext/wic 

[pleora]      : /opt/api/ext/pleora

[glm]      : /opt/api/ext/GLM

[Runtime] : BILAT_INFOGRAPHIE           /opt/api/cbi/infographie

     BILAT_TOOLS_JST_HOME             = /opt/api/cbi/infographie/tools
     BILAT_OPENGL_HOME                = /opt/api/cbi/infographie/opengl
     BILAT_FENETRAGE_HOME             = /opt/api/cbi/infographie/fenetrage
     BILAT_IMAGE_HOME                 = /opt/api/cbi/infographie/image
     BILAT_SCENE_3D_HOME              = /opt/api/cbi/infographie/scene3d

[Runtime] : BILAT_TOOLS                 /opt/api/cbi/tools

     BILAT_TOOLS_CPP_HOME             = /opt/api/cbi/tools/bilat_tools_cpp
     BILAT_TOOLS_OMP_HOME             = /opt/api/cbi/tools/bilat_tools_omp
     BILAT_TOOLS_CUDA_HOME            = /opt/api/cbi/tools/bilat_tools_cuda
     BILAT_TOOLS_MKL_HOME             = /opt/api/cbi/tools/bilat_tools_mkl
     BILAT_TOOLS_OPENCV_HOME          = /opt/api/cbi/tools/bilat_tools_opencv
     BILAT_TOOLS_V4L_HOME             = /opt/api/cbi/tools/bilat_tools_v4l
     BILAT_TOOLS_CUDA_IMAGE_HOME      = /opt/api/cbi/tools/bilat_tools_cuda_image
     BILAT_TOOLS_CUDA_IMAGE_CV_HOME   = /opt/api/cbi/tools/bilat_tools_cuda_image_cv
     BILAT_TOOLS_IMAGE_HOME           = /opt/api/cbi/tools/bilat_tools_image
     BILAT_TOOLS_IMAGE_CV_HOME        = /opt/api/cbi/tools/bilat_tools_image_cv
     BILAT_TOOLS_CUDA_3D_HOME         = /opt/api/cbi/tools/bilat_tools_cuda_3D
     BILAT_TOOLS_JNI_HOME             = /opt/api/cbi/tools/bilat_tools_jni

[Runtime] : BILAT_CAPTEUR               /opt/api/cbi/capteur

     BILAT_GPHOTO2_HOME                 = /opt/api/cbi/capteur/bilat_gphoto2
     BILAT_LASER_HOME                   = /opt/api/cbi/capteur/bilat_laser
     BILAT_LIDAR_HOME                   = /opt/api/cbi/capteur/bilat_lidar
     BILAT_TAU2_HOME                    = /opt/api/cbi/capteur/bilat_tau2
     BILAT_SPEECH_HOME                  = /opt/api/cbi/capteur/bilat_speech
     BILAT_GPS_HOME                     = /opt/api/cbi/capteur/bilat_gps
     BILAT_PIPES_P2P_HOME               = /opt/api/cbi/capteur/bilat_pipes_p2p
     BILAT_PIPES_CLIENT_HOME            = /opt/api/cbi/capteur/bilat_pipes_client
     BILAT_PIPES_CLIENT_SERVER_JAVA_HOME= /opt/api/cbi/capteur/bilat_pipes_client_server_java

--------------------------------------------------------
[Runtime] : intel x86 : Ready!
--------------------------------------------------------


[INTEL] : jall


Error: unknown string
License file(s) used were (in this order):
    1.  Trusted Storage
**  2.  /opt/intel/compilers_and_libraries_2017.4.196/linux/licenses
**  3.  /opt/intel/licenses/l_LH4SDJ5D.lic
**  4.  /home/bilat/intel/licenses
**  5.  /opt/intel/compilers_and_libraries_2017.4.196/linux/bin/intel64/../../Licenses
**  6.  /home/bilat/Licenses
**  7.  /Users/Shared/Library/Application Support/Intel/Licenses
**  8.  /opt/intel/compilers_and_libraries_2017.4.196/linux/bin/intel64/*.lic

Please visit https://software.intel.com/en-us/faq/purchasing-renewing-upgrading#support-expiration  to obtain license renewal information.

icpc: error #10052: could not checkout FLEXlm license

15:59:08 Build Failed. 1 errors, 0 warnings. (took 179ms)

