15:59:11 **** Incremental Build of configuration CudaGCC for project Etude_Cula ****
cbicc cuda all 

--------------------------------------------------------
[Runtime] : gcc x86
--------------------------------------------------------


[cuda]        : /usr/local

[jni]         : /usr/lib/jvm/java-8-oracle

[X11]         : /usr/include/X11

[MKL]         : /opt/intel/mkl

[boost]       : /opt/api/ext/boost

[opencv]      : /opt/api/ext/opencv

[cpptest]     : /opt/api/ext/cpptest

[gphoto2]     : /opt/api/ext/gphoto2

[urg]         : /opt/api/ext/urg

[wic]         : /opt/api/ext/wic 

[pleora]      : /opt/api/ext/pleora

[glm]      : /opt/api/ext/GLM

[Runtime] : BILAT_INFOGRAPHIE           /opt/api/cbi/infographie

     BILAT_TOOLS_JST_HOME             = /opt/api/cbi/infographie/tools
     BILAT_OPENGL_HOME                = /opt/api/cbi/infographie/opengl
     BILAT_FENETRAGE_HOME             = /opt/api/cbi/infographie/fenetrage
     BILAT_IMAGE_HOME                 = /opt/api/cbi/infographie/image
     BILAT_SCENE_3D_HOME              = /opt/api/cbi/infographie/scene3d

[Runtime] : BILAT_TOOLS                 /opt/api/cbi/tools

     BILAT_TOOLS_CPP_HOME             = /opt/api/cbi/tools/bilat_tools_cpp
     BILAT_TOOLS_OMP_HOME             = /opt/api/cbi/tools/bilat_tools_omp
     BILAT_TOOLS_CUDA_HOME            = /opt/api/cbi/tools/bilat_tools_cuda
     BILAT_TOOLS_MKL_HOME             = /opt/api/cbi/tools/bilat_tools_mkl
     BILAT_TOOLS_OPENCV_HOME          = /opt/api/cbi/tools/bilat_tools_opencv
     BILAT_TOOLS_V4L_HOME             = /opt/api/cbi/tools/bilat_tools_v4l
     BILAT_TOOLS_CUDA_IMAGE_HOME      = /opt/api/cbi/tools/bilat_tools_cuda_image
     BILAT_TOOLS_CUDA_IMAGE_CV_HOME   = /opt/api/cbi/tools/bilat_tools_cuda_image_cv
     BILAT_TOOLS_IMAGE_HOME           = /opt/api/cbi/tools/bilat_tools_image
     BILAT_TOOLS_IMAGE_CV_HOME        = /opt/api/cbi/tools/bilat_tools_image_cv
     BILAT_TOOLS_CUDA_3D_HOME         = /opt/api/cbi/tools/bilat_tools_cuda_3D
     BILAT_TOOLS_JNI_HOME             = /opt/api/cbi/tools/bilat_tools_jni

[Runtime] : BILAT_CAPTEUR               /opt/api/cbi/capteur

     BILAT_GPHOTO2_HOME                 = /opt/api/cbi/capteur/bilat_gphoto2
     BILAT_LASER_HOME                   = /opt/api/cbi/capteur/bilat_laser
     BILAT_LIDAR_HOME                   = /opt/api/cbi/capteur/bilat_lidar
     BILAT_TAU2_HOME                    = /opt/api/cbi/capteur/bilat_tau2
     BILAT_SPEECH_HOME                  = /opt/api/cbi/capteur/bilat_speech
     BILAT_GPS_HOME                     = /opt/api/cbi/capteur/bilat_gps
     BILAT_PIPES_P2P_HOME               = /opt/api/cbi/capteur/bilat_pipes_p2p
     BILAT_PIPES_CLIENT_HOME            = /opt/api/cbi/capteur/bilat_pipes_client
     BILAT_PIPES_CLIENT_SERVER_JAVA_HOME= /opt/api/cbi/capteur/bilat_pipes_client_server_java

--------------------------------------------------------
[Runtime] : gcc x86 : Ready!
--------------------------------------------------------


g++ (Ubuntu 4.8.4-2ubuntu1~14.04.4) 4.8.4
Copyright (C) 2013 Free Software Foundation, Inc.
This is free software; see the source for copying conditions.  There is NO
warranty; not even for MERCHANTABILITY or FITNESS FOR A PARTICULAR PURPOSE.


nvcc: NVIDIA (R) Cuda compiler driver
Copyright (c) 2005-2016 NVIDIA Corporation
Built on Sun_Sep__4_22:14:01_CDT_2016
Cuda compilation tools, release 8.0, V8.0.44


[CUDA GCC] : all


==================================================================================
[CBI] -> Target Name  : Etude_Cula_cuda_80_x86_64
[CBI] ->
[CBI] -> Build        : /tmp/ramdrive/bilat/Targets/Etude_Cula/bin/Etude_Cula_cuda_80_x86_64.run
[CBI] -> Deploy       : ../RELEASE/bin
[CBI] ->
[CBI] -> Type	      : EXE
[CBI] -> Arch	      : x86_64
[CBI] -> OS	 		  : Linux
[CBI] -> User	 	  : bilat
[CBI] ->
[CBI] -> Task		  : Compiling-Linking !
==================================================================================

[CBI] -> SRC AUX (Recursif) :
[CBI] ->
[CBI] ->              : ../BilatUtil_CPP/src/core
[CBI] ->              : /opt/api/ext/cpptest/112/LIB_STATIC/gcc

[CBI] -> CXXFLAGS (Partial) :
[CBI] ->
[CBI] ->              : -fopenmp
[CBI] ->              : -std=c++11
[CBI] ->              : -O3
[CBI] ->              : -frerun-loop-opt
[CBI] ->              : -fomit-frame-pointer

[CBI] -> CXXLDFLAGS (Partial) :
[CBI] ->

[CBI] -> NVCCFLAGS (Partial) :
[CBI] ->
[CBI] ->              : --fmad=true
[CBI] ->              : -arch=sm_52
[CBI] ->              : -m64
[CBI] ->              : -std=c++11
[CBI] ->              : -use_fast_math

[CBI] -> NVCCLDFLAGS (Partial) :
[CBI] ->
[CBI] ->              : -arch=sm_52

[CBI] -> INC_PATH (auto detect):
[CBI] ->              : ../BilatUtil_CPP/src/core/utils/header/
[CBI] ->              : src/cpp/test/junit/header/


[CBI] -> LIB_PATH (auto detect):

[CBI] -> LIB_PATH (auto detect):

src/cpp/core/01_CuLa/systemSolve.cpp:71:25: fatal error: cula_lapack.h: No such file or directory
 #include <cula_lapack.h>
                         ^
[CBI] -> API_INC :
[CBI] ->              : /opt/api/cbi/tools/bilat_tools_cpp/303_006/INC
[CBI] ->              : /opt/api/cbi/tools/bilat_tools_cpp/303_006/INC/namespace_cpu
[CBI] ->              : /opt/api/cbi/tools/bilat_tools_cuda/303_006/INC
[CBI] ->              : /opt/api/cbi/tools/bilat_tools_cuda/303_006/INC/cudatools
[CBI] ->              : /opt/api/cbi/tools/bilat_tools_cuda/303_006/INC/cudatools/cpp
[CBI] ->              : /opt/api/cbi/tools/bilat_tools_cuda/303_006/INC/cudatools/cpp/host
[CBI] ->              : /opt/api/cbi/tools/bilat_tools_cuda/303_006/INC/cudatools/header
compilation terminated.
[CBI] ->              : /opt/api/cbi/tools/bilat_tools_cuda/303_006/INC/cudatools/header/both
[CBI] ->              : /opt/api/cbi/tools/bilat_tools_cuda/303_006/INC/cudatools/header/device
[CBI] ->              : /opt/api/cbi/tools/bilat_tools_cuda/303_006/INC/cudatools/header/device/curand
[CBI] ->              : /opt/api/cbi/tools/bilat_tools_cuda/303_006/INC/cudatools/header/device/reduction
[CBI] ->              : /opt/api/cbi/tools/bilat_tools_cuda/303_006/INC/cudatools/header/device/synchronisation
[CBI] ->              : /opt/api/cbi/tools/bilat_tools_cuda/303_006/INC/cudatools/header/host
[CBI] ->              : /opt/api/cbi/tools/bilat_tools_cuda/303_006/INC/cudatools/header/mixte
[CBI] ->              : /opt/api/cbi/tools/bilat_tools_cuda/303_006/INC/cudatools/nvidia
[CBI] ->              : /opt/api/ext/boost/1640/include
[CBI] ->              : /opt/api/ext/boost/1640/include/boost
[CBI] ->              : /opt/api/ext/cpptest/112/INC
[CBI] ->              : /opt/api/ext/cpptest/112/INC/extension
[CBI] ->              : /usr/local/cuda-8.0/include
[CBI] ->              : /usr/local/cuda-8.0/include/CL
[CBI] ->              : /usr/local/cuda-8.0/include/crt

[CBI] -> API_BIN :
[CBI] ->              : /opt/api/cbi/tools/bilat_tools_cpp/303_006/BIN/gcc
[CBI] ->              : /opt/api/cbi/tools/bilat_tools_cuda/303_006/BIN/gcc
[CBI] ->              : /opt/api/ext/boost/1640/lib/gcc
[CBI] ->              : /usr/local/cuda-8.0/lib64
[CBI] ->              : /usr/local/cuda-8.0/lib64/stubs

[CBI] -> API_LIBRARIES_STATIC :
[CBI] ->              : /opt/api/ext/cpptest/112/LIB_STATIC/gcc

[CBI] -> API_LIBRARIES :
[CBI] ->              : BilatTools_CPP_303_006_gcc_x86_64
[CBI] ->              : BilatTools_Cuda_303_006_cuda_80_x86_64
[CBI] ->              : OpenCL
[CBI] ->              : boost_atomic-gcc484
[CBI] ->              : boost_chrono-gcc484
[CBI] ->              : boost_container-gcc484
[CBI] ->              : boost_context-gcc484
[CBI] ->              : boost_coroutine-gcc484
[CBI] ->              : boost_date_time-gcc484
[CBI] ->              : boost_filesystem-gcc484
[CBI] ->              : boost_graph-gcc484
[CBI] ->              : boost_iostreams-gcc484
[CBI] ->              : boost_locale-gcc484
[CBI] ->              : boost_log-gcc484
[CBI] ->              : boost_log_setup-gcc484
[CBI] ->              : boost_math_c99-gcc484
[CBI] ->              : boost_math_c99f-gcc484
[CBI] ->              : boost_math_c99l-gcc484
[CBI] ->              : boost_math_tr1-gcc484
[CBI] ->              : boost_math_tr1f-gcc484
[CBI] ->              : boost_math_tr1l-gcc484
[CBI] ->              : boost_prg_exec_monitor-gcc484
[CBI] ->              : boost_program_options-gcc484
[CBI] ->              : boost_random-gcc484
[CBI] ->              : boost_regex-gcc484
[CBI] ->              : boost_serialization-gcc484
[CBI] ->              : boost_signals-gcc484
[CBI] ->              : boost_system-gcc484
[CBI] ->              : boost_thread-gcc484
[CBI] ->              : boost_timer-gcc484
[CBI] ->              : boost_type_erasure-gcc484
[CBI] ->              : boost_unit_test_framework-gcc484
[CBI] ->              : boost_wave-gcc484
[CBI] ->              : boost_wserialization-gcc484
[CBI] ->              : cublas
[CBI] ->              : cuda
[CBI] ->              : cudart
[CBI] ->              : cufft
[CBI] ->              : cufftw
[CBI] ->              : cuinj64
[CBI] ->              : curand
[CBI] ->              : cusolver
[CBI] ->              : cusparse
[CBI] ->              : nppc
[CBI] ->              : nppi
[CBI] ->              : nppial
[CBI] ->              : nppicc
[CBI] ->              : nppicom
[CBI] ->              : nppidei
[CBI] ->              : nppif
[CBI] ->              : nppig
[CBI] ->              : nppim
[CBI] ->              : nppist
[CBI] ->              : nppisu
[CBI] ->              : nppitc
[CBI] ->              : npps
[CBI] ->              : nvToolsExt
[CBI] ->              : nvblas
[CBI] ->              : nvgraph
[CBI] ->              : nvidia-ml
[CBI] ->              : nvrtc
[CBI] ->              : nvrtc-builtins


[Etude_Cula_cuda_80_x86_64] -> g++ compiling .cpp : src/cpp/core/01_CuLa/systemSolve.cpp
make: *** [/tmp/ramdrive/bilat/Targets/Etude_Cula/obj/systemSolve.o] Error 1

15:59:12 Build Failed. 2 errors, 0 warnings. (took 347ms)

