17:50:18 **** Build of configuration Doc Linux for project Tuto_Doxy ****
makeGCC.sh doc 

--------------------------------------------------------
[Runtime] : gcc x86
--------------------------------------------------------


[cuda]        : /usr/local

[jni]         : /usr/lib/jvm/java-8-oracle

[X11]         : /usr/include/X11

[MKL]         : /opt/intel/mkl

[boost]       : /opt/api/ext/boost

[opencv]      : /opt/api/ext/opencv

[cpptest]     : /opt/api/ext/cpptest

[gphoto2]     : /opt/api/ext/gphoto2

[urg]         : /opt/api/ext/urg

[wic]         : /opt/api/ext/wic 

[pleora]      : /opt/api/ext/pleora

[glm]      : /opt/api/ext/GLM

[Runtime] : BILAT_INFOGRAPHIE           /opt/api/cbi/infographie

     BILAT_TOOLS_JST_HOME             = /opt/api/cbi/infographie/tools
     BILAT_OPENGL_HOME                = /opt/api/cbi/infographie/opengl
     BILAT_FENETRAGE_HOME             = /opt/api/cbi/infographie/fenetrage
     BILAT_IMAGE_HOME                 = /opt/api/cbi/infographie/image
     BILAT_SCENE_3D_HOME              = /opt/api/cbi/infographie/scene3d

[Runtime] : BILAT_TOOLS                 /opt/api/cbi/tools

     BILAT_TOOLS_CPP_HOME             = /opt/api/cbi/tools/bilat_tools_cpp
     BILAT_TOOLS_OMP_HOME             = /opt/api/cbi/tools/bilat_tools_omp
     BILAT_TOOLS_CUDA_HOME            = /opt/api/cbi/tools/bilat_tools_cuda
     BILAT_TOOLS_MKL_HOME             = /opt/api/cbi/tools/bilat_tools_mkl
     BILAT_TOOLS_OPENCV_HOME          = /opt/api/cbi/tools/bilat_tools_opencv
     BILAT_TOOLS_V4L_HOME             = /opt/api/cbi/tools/bilat_tools_v4l
     BILAT_TOOLS_CUDA_IMAGE_HOME      = /opt/api/cbi/tools/bilat_tools_cuda_image
     BILAT_TOOLS_CUDA_IMAGE_CV_HOME   = /opt/api/cbi/tools/bilat_tools_cuda_image_cv
     BILAT_TOOLS_IMAGE_HOME           = /opt/api/cbi/tools/bilat_tools_image
     BILAT_TOOLS_IMAGE_CV_HOME        = /opt/api/cbi/tools/bilat_tools_image_cv
     BILAT_TOOLS_CUDA_3D_HOME         = /opt/api/cbi/tools/bilat_tools_cuda_3D
     BILAT_TOOLS_JNI_HOME             = /opt/api/cbi/tools/bilat_tools_jni

[Runtime] : BILAT_CAPTEUR               /opt/api/cbi/capteur

     BILAT_GPHOTO2_HOME                 = /opt/api/cbi/capteur/bilat_gphoto2
     BILAT_LASER_HOME                   = /opt/api/cbi/capteur/bilat_laser
     BILAT_LIDAR_HOME                   = /opt/api/cbi/capteur/bilat_lidar
     BILAT_TAU2_HOME                    = /opt/api/cbi/capteur/bilat_tau2
     BILAT_SPEECH_HOME                  = /opt/api/cbi/capteur/bilat_speech
     BILAT_GPS_HOME                     = /opt/api/cbi/capteur/bilat_gps
     BILAT_PIPES_P2P_HOME               = /opt/api/cbi/capteur/bilat_pipes_p2p
     BILAT_PIPES_CLIENT_HOME            = /opt/api/cbi/capteur/bilat_pipes_client
     BILAT_PIPES_CLIENT_SERVER_JAVA_HOME= /opt/api/cbi/capteur/bilat_pipes_client_server_java

--------------------------------------------------------
[Runtime] : gcc x86 : Ready!
--------------------------------------------------------


g++ (Ubuntu 4.8.4-2ubuntu1~14.04.4) 4.8.4
Copyright (C) 2013 Free Software Foundation, Inc.
This is free software; see the source for copying conditions.  There is NO
warranty; not even for MERCHANTABILITY or FITNESS FOR A PARTICULAR PURPOSE.


[Make] : GCC : doc

==================================================================================
[CBI] -> Target              : Tuto_Doxygen_gcc_x86_64
[CBI] -> Task			     : Doc
[CBI] -> Doc src			 : src
[CBI] -> Directory doc html  : /tmp/ramdrive/bilat/Targets/Tuto_Doxygen/doc/final
[CBI] -> Directory doc tar   : ../RELEASE/doc
==================================================================================

[Tools]

doxygen version : 
1.8.6
dot - graphviz version 2.36.0 (20140111.2315)

[Purge]

delete  /tmp/ramdrive/bilat/Targets/Tuto_Doxygen/doc
delete  ../RELEASE/doc/Tuto_Doxygen_gcc_x86_64.doc.tar.gz

[Prepare]

mkdir  /tmp/ramdrive/bilat/Targets/Tuto_Doxygen/doc/final
mkdir  /tmp/ramdrive/bilat/Targets/Tuto_Doxygen/doc/temp
mkdir  ../RELEASE/doc

[Configuration]


Configuration file `/tmp/ramdrive/bilat/Targets/Tuto_Doxygen/doc/temp/doxyFileDefaultTMP' created.

Now edit the configuration file and enter

  doxygen /tmp/ramdrive/bilat/Targets/Tuto_Doxygen/doc/temp/doxyFileDefaultTMP

to generate the documentation for your project

Parse and fill defaut doxy-config with project-specific-config ...

[Build]

Searching for include files...
Searching for example files...
Searching for images...
Searching for dot files...
Searching for msc files...
Searching for dia files...
Searching for files to exclude
Searching for files to process...
Searching for files in directory /home/bilat/CBI/Dropbox/01_CBI_CODE/Cuda/WCuda/Tuto_Doxy/src
Searching for files in directory /home/bilat/CBI/Dropbox/01_CBI_CODE/Cuda/WCuda/Tuto_Doxy/src/cpp
Searching for files in directory /home/bilat/CBI/Dropbox/01_CBI_CODE/Cuda/WCuda/Tuto_Doxy/src/cpp/core
Searching for files in directory /home/bilat/CBI/Dropbox/01_CBI_CODE/Cuda/WCuda/Tuto_Doxy/src/doc
Searching for files in directory /home/bilat/CBI/Dropbox/01_CBI_CODE/Cuda/WCuda/Tuto_Doxy/src/header
Reading and parsing tag files
Parsing files
Preprocessing /home/bilat/CBI/Dropbox/01_CBI_CODE/Cuda/WCuda/Tuto_Doxy/src/cpp/core/Animals.cpp...
Parsing file /home/bilat/CBI/Dropbox/01_CBI_CODE/Cuda/WCuda/Tuto_Doxy/src/cpp/core/Animals.cpp...
Preprocessing /home/bilat/CBI/Dropbox/01_CBI_CODE/Cuda/WCuda/Tuto_Doxy/src/cpp/core/Cat.cpp...
Parsing file /home/bilat/CBI/Dropbox/01_CBI_CODE/Cuda/WCuda/Tuto_Doxy/src/cpp/core/Cat.cpp...
Preprocessing /home/bilat/CBI/Dropbox/01_CBI_CODE/Cuda/WCuda/Tuto_Doxy/src/doc/DOC_ROOT_Animals.h...
Parsing file /home/bilat/CBI/Dropbox/01_CBI_CODE/Cuda/WCuda/Tuto_Doxy/src/doc/DOC_ROOT_Animals.h...
Preprocessing /home/bilat/CBI/Dropbox/01_CBI_CODE/Cuda/WCuda/Tuto_Doxy/src/header/Animals.h...
Parsing file /home/bilat/CBI/Dropbox/01_CBI_CODE/Cuda/WCuda/Tuto_Doxy/src/header/Animals.h...
Preprocessing /home/bilat/CBI/Dropbox/01_CBI_CODE/Cuda/WCuda/Tuto_Doxy/src/header/Cat.h...
Parsing file /home/bilat/CBI/Dropbox/01_CBI_CODE/Cuda/WCuda/Tuto_Doxy/src/header/Cat.h...
Preprocessing /home/bilat/CBI/Dropbox/01_CBI_CODE/Cuda/WCuda/Tuto_Doxy/src/main.cpp...
Parsing file /home/bilat/CBI/Dropbox/01_CBI_CODE/Cuda/WCuda/Tuto_Doxy/src/main.cpp...
Building group list...
Building directory list...
Building namespace list...
Building file list...
Building class list...
Associating documentation with classes...
Computing nesting relations for classes...
Building example list...
Searching for enumerations...
Searching for documented typedefs...
Searching for members imported via using declarations...
Searching for included using directives...
Searching for documented variables...
Building interface member list...
Building member list...
Searching for friends...
Searching for documented defines...
Computing class inheritance relations...
Computing class usage relations...
Flushing cached template relations that have become invalid...
Creating members for template instances...
Computing class relations...
Add enum values to enums...
Searching for member function documentation...
Building page list...
Search for main page...
Computing page relations...
Determining the scope of groups...
Sorting lists...
Freeing entry tree
Determining which enums are documented
Computing member relations...
Building full member lists recursively...
Adding members to member groups.
Computing member references...
Inheriting documentation...
Generating disk names...
Adding source references...
Adding xrefitems...
Sorting member lists...
Computing dependencies between directories...
Generating citations page...
Counting data structures...
Resolving user defined references...
Finding anchors and sections in the documentation...
Transferring function references...
Combining using relations...
Adding members to index pages...
Generating style sheet...
Generating search indices...
Generating example documentation...
Generating file sources...
Generating code for file src/doc/DOC_ROOT_Animals.h...
Generating code for file src/header/Animals.h...
Generating code for file src/header/Cat.h...
Generating file documentation...
Generating docs for file src/cpp/core/Animals.cpp...
Generating docs for file src/cpp/core/Cat.cpp...
Generating docs for file src/doc/DOC_ROOT_Animals.h...
Generating docs for file src/header/Animals.h...
Generating docs for file src/header/Cat.h...
Generating docs for file src/main.cpp...
Generating page documentation...
Generating group documentation...
Generating class documentation...
Generating docs for compound Animals...
Generating docs for compound Cat...
Generating namespace index...
Generating graph info page...
Generating directory documentation...
Generating dependency graph for directory src/cpp/core
Generating dependency graph for directory src/cpp
Generating dependency graph for directory src/doc
Generating dependency graph for directory src/header
Generating dependency graph for directory src
Generating index page...
Generating page index...
Generating module index...
Generating namespace index...
Generating namespace member index...
Generating annotated compound index...
Generating alphabetical compound index...
Generating hierarchical class index...
Generating graphical class hierarchy...
Generating member index...
Generating file index...
Generating file member index...
Generating example index...
finalizing index lists...
Running dot...
Generating dot graphs using 17 parallel threads...
Running dot for graph 1/18
Running dot for graph 2/18
Running dot for graph 3/18
Running dot for graph 4/18
Running dot for graph 5/18
Running dot for graph 6/18
Running dot for graph 7/18
Running dot for graph 8/18
Running dot for graph 9/18
Running dot for graph 10/18
Running dot for graph 11/18
Running dot for graph 12/18
Running dot for graph 13/18
Running dot for graph 14/18
Running dot for graph 15/18
Running dot for graph 16/18
Running dot for graph 17/18
Running dot for graph 18/18
Patching output file 1/14
Patching output file 2/14
Patching output file 3/14
Patching output file 4/14
Patching output file 5/14
Patching output file 6/14
Patching output file 7/14
Patching output file 8/14
Patching output file 9/14
Patching output file 10/14
Patching output file 11/14
Patching output file 12/14
Patching output file 13/14
Patching output file 14/14
lookup cache used 17/65536 hits=47 misses=18
finished...

[Deploy]

creating Tuto_Doxygen_gcc_x86_64.doc.tar
creating Tuto_Doxygen_gcc_x86_64.doc.tar.gz
moving   Tuto_Doxygen_gcc_x86_64.doc.tar.gz -> ../RELEASE/doc

==================================================================================
[CBI] -> Target              : Tuto_Doxygen_gcc_x86_64
[CBI] -> Task			     : Doc
[CBI] -> Doc src		     : src
[CBI] -> Directory doc html  : /tmp/ramdrive/bilat/Targets/Tuto_Doxygen/doc/final
[CBI] -> Directory doc tar   : ../RELEASE/doc
==================================================================================

17:50:18 Build Finished. 0 errors, 0 warnings. (took 451ms)

