17:04:58 **** Incremental Build of configuration IntelLinux_parallel for project Tuto_Cpp_Corriger ****
cbicc intel jall 

--------------------------------------------------------
[Runtime] : intel x86
--------------------------------------------------------


[cuda]        : /usr/local

[jni]         : /usr/lib/jvm/java-8-oracle

[X11]         : /usr/include/X11

[MKL]         : /opt/intel/mkl
[Runtime] : Intel : /opt/intel

[boost]       : /opt/api/ext/boost

[opencv]      : /opt/api/ext/opencv

[cpptest]     : /opt/api/ext/cpptest

[gphoto2]     : /opt/api/ext/gphoto2

[urg]         : /opt/api/ext/urg

[wic]         : /opt/api/ext/wic 

[pleora]      : /opt/api/ext/pleora

[glm]      : /opt/api/ext/GLM

[Runtime] : BILAT_INFOGRAPHIE           /opt/api/cbi/infographie

     BILAT_TOOLS_JST_HOME             = /opt/api/cbi/infographie/tools
     BILAT_OPENGL_HOME                = /opt/api/cbi/infographie/opengl
     BILAT_FENETRAGE_HOME             = /opt/api/cbi/infographie/fenetrage
     BILAT_IMAGE_HOME                 = /opt/api/cbi/infographie/image
     BILAT_SCENE_3D_HOME              = /opt/api/cbi/infographie/scene3d

[Runtime] : BILAT_TOOLS                 /opt/api/cbi/tools

     BILAT_TOOLS_CPP_HOME             = /opt/api/cbi/tools/bilat_tools_cpp
     BILAT_TOOLS_OMP_HOME             = /opt/api/cbi/tools/bilat_tools_omp
     BILAT_TOOLS_CUDA_HOME            = /opt/api/cbi/tools/bilat_tools_cuda
     BILAT_TOOLS_MKL_HOME             = /opt/api/cbi/tools/bilat_tools_mkl
     BILAT_TOOLS_OPENCV_HOME          = /opt/api/cbi/tools/bilat_tools_opencv
     BILAT_TOOLS_V4L_HOME             = /opt/api/cbi/tools/bilat_tools_v4l
     BILAT_TOOLS_CUDA_IMAGE_HOME      = /opt/api/cbi/tools/bilat_tools_cuda_image
     BILAT_TOOLS_CUDA_IMAGE_CV_HOME   = /opt/api/cbi/tools/bilat_tools_cuda_image_cv
     BILAT_TOOLS_IMAGE_HOME           = /opt/api/cbi/tools/bilat_tools_image
     BILAT_TOOLS_IMAGE_CV_HOME        = /opt/api/cbi/tools/bilat_tools_image_cv
     BILAT_TOOLS_CUDA_3D_HOME         = /opt/api/cbi/tools/bilat_tools_cuda_3D
     BILAT_TOOLS_JNI_HOME             = /opt/api/cbi/tools/bilat_tools_jni

[Runtime] : BILAT_CAPTEUR               /opt/api/cbi/capteur

     BILAT_GPHOTO2_HOME                 = /opt/api/cbi/capteur/bilat_gphoto2
     BILAT_LASER_HOME                   = /opt/api/cbi/capteur/bilat_laser
     BILAT_LIDAR_HOME                   = /opt/api/cbi/capteur/bilat_lidar
     BILAT_TAU2_HOME                    = /opt/api/cbi/capteur/bilat_tau2
     BILAT_SPEECH_HOME                  = /opt/api/cbi/capteur/bilat_speech
     BILAT_GPS_HOME                     = /opt/api/cbi/capteur/bilat_gps
     BILAT_PIPES_P2P_HOME               = /opt/api/cbi/capteur/bilat_pipes_p2p
     BILAT_PIPES_CLIENT_HOME            = /opt/api/cbi/capteur/bilat_pipes_client
     BILAT_PIPES_CLIENT_SERVER_JAVA_HOME= /opt/api/cbi/capteur/bilat_pipes_client_server_java

--------------------------------------------------------
[Runtime] : intel x86 : Ready!
--------------------------------------------------------


[INTEL] : jall

icpc (ICC) 18.0.3 20180410
Copyright (C) 1985-2018 Intel Corporation.  All rights reserved.

==================================================================================
[CBI] -> Target Name  : Tuto_CPP_Corriger_intel_x86_64
[CBI] ->
[CBI] -> Build     	  : /tmp/ramdrive/bilat/Targets/Tuto_CPP_Corriger/bin/Tuto_CPP_Corriger_intel_x86_64.run
[CBI] -> Deploy       : ../RELEASE/bin
[CBI] ->
[CBI] -> Type	 	  : EXE
[CBI] -> Arch	 	  : x86_64
[CBI] -> OS	 		  : Linux
[CBI] -> User	 	  : bilat
[CBI] ->
[CBI] -> Task		  : Compiling-Linking
==================================================================================

[CBI] -> SRC AUX (Recursif) :
[CBI] ->
[CBI] ->              : /opt/api/ext/cpptest/112/LIB_STATIC/intel

[CBI] -> CXXFLAGS (Partial) :
[CBI] ->
[CBI] ->              : -O3
[CBI] ->              : -fast
[CBI] ->              : -par-threshold100
[CBI] ->              : -std=c++11
[CBI] ->              : -w
[CBI] ->              : -xHost

[CBI] -> LDFLAGS (Partial) :
[CBI] ->

[CBI] -> INC_PATH (auto detect):
[CBI] ->              : src/cpp/core/01_quadratique/
[CBI] ->              : src/cpp/core/02_heritage/base/
[CBI] ->              : src/cpp/core/02_heritage/inherited/
[CBI] ->              : src/cpp/test/01_quadratique/
[CBI] ->              : src/cpp/test/02_algo/

[CBI] -> LIB_PATH (auto detect):

[CBI] -> API_INC :
[CBI] ->              : /opt/api/ext/cpptest/112/INC
[CBI] ->              : /opt/api/ext/cpptest/112/INC/extension

[CBI] -> API_BIN :

[CBI] -> API_LIBRARIES_STATIC :
[CBI] ->              : /opt/api/ext/cpptest/112/LIB_STATIC/intel

[CBI] -> API_LIBRARIES :

[CBI] -> Create folder : /tmp/ramdrive/bilat/Targets/Tuto_CPP_Corriger/bin
[CBI] -> Create folder : /tmp/ramdrive/bilat/Targets/Tuto_CPP_Corriger/obj

[CBI] -> Compilation parallel (16 threads)

[Tuto_CPP_Corriger_intel_x86_64] -> icc compiling .cpp : src/main.cpp
[Tuto_CPP_Corriger_intel_x86_64] -> icc compiling .cpp : src/cpp/test/mainTest.cpp
[Tuto_CPP_Corriger_intel_x86_64] -> icc compiling .cpp : src/cpp/test/01_quadratique/TestQuadratique.cpp
[Tuto_CPP_Corriger_intel_x86_64] -> icc compiling .cpp : src/cpp/test/02_algo/TestAlgo.cpp
[Tuto_CPP_Corriger_intel_x86_64] -> icc compiling .cpp : src/cpp/core/mainCore.cpp
[Tuto_CPP_Corriger_intel_x86_64] -> icc compiling .cpp : src/cpp/core/01_quadratique/ABC.cpp
[Tuto_CPP_Corriger_intel_x86_64] -> icc compiling .cpp : src/cpp/core/01_quadratique/Quadratique.cpp
[Tuto_CPP_Corriger_intel_x86_64] -> icc compiling .cpp : src/cpp/core/01_quadratique/useQuadratique.cpp
[Tuto_CPP_Corriger_intel_x86_64] -> icc compiling .cpp : src/cpp/core/02_heritage/useAlgo.cpp
[Tuto_CPP_Corriger_intel_x86_64] -> icc compiling .cpp : src/cpp/core/02_heritage/inherited/AlgoA.cpp
[Tuto_CPP_Corriger_intel_x86_64] -> icc compiling .cpp : src/cpp/core/02_heritage/inherited/AlgoB.cpp
[Tuto_CPP_Corriger_intel_x86_64] -> icc compiling .cpp : src/cpp/core/02_heritage/base/Algo.cpp
[Tuto_CPP_Corriger_intel_x86_64] -> icc compiling .cpp : src/cpp/core/03_my_sqrt/useMySqrt.cpp

[CBI] -> Linking to   : /tmp/ramdrive/bilat/Targets/Tuto_CPP_Corriger/bin/Tuto_CPP_Corriger_intel_x86_64.run

[CBI] -> Library Link :
[CBI] ->              : -lCpp_Test_112_intel_x86_64

==================================================================================
[CBI] -> Target Name  : Tuto_CPP_Corriger_intel_x86_64
[CBI] -> Location     : /tmp/ramdrive/bilat/Targets/Tuto_CPP_Corriger/bin/Tuto_CPP_Corriger_intel_x86_64.run
[CBI] -> Deploy 	  : ../RELEASE/bin
[CBI] ->
[CBI] -> Type	 	  : EXE
[CBI] -> Arch	 	  : x86_64
[CBI] -> OS	 		  : Linux
[CBI] -> User	 	  : bilat
[CBI] ->
[CBI] -> Compilateur  : icc
[CBI] -> Task	      : End Compiling-Linking !
[CBI] -> Time		  : 1 (s)
==================================================================================


[CBI] -> Deploying    : ../RELEASE/bin/Tuto_CPP_Corriger_intel_x86_64.run

[CBI] -> Symlink Project Inc
[CBI] -> To update code completion : ctrl-shift-s   or   gui/index/rebuild

[CBI] -> Tuto_CPP_Corriger_intel_x86_64 : End ALL!


17:05:01 Build Finished. 0 errors, 0 warnings. (took 2s.36ms)

